<?xml version="1.0" encoding="UTF-8"?>
<!-- Generated by org.testng.reporters.JUnitReportReporter -->
<testsuite hostname="GOUD" failures="0" tests="3" name="Tests.TestCase_1" time="27.326" errors="0" timestamp="2023-12-25T23:17:04 IST" skipped="0">
  <testcase classname="Tests.TestCase_1" name="login" time="12.141"/>
  <testcase classname="Tests.TestCase_1" name="login" time="8.676"/>
  <testcase classname="Tests.TestCase_1" name="login" time="6.509"/>
</testsuite> <!-- Tests.TestCase_1 -->
