<?xml version="1.0" encoding="UTF-8"?>
<!-- Generated by org.testng.reporters.JUnitReportReporter -->
<testsuite hostname="GOUD" failures="0" tests="3" name="Tests.test1" time="20.878" errors="0" timestamp="2023-12-25T23:04:37 IST" skipped="0">
  <testcase classname="Tests.test1" name="login" time="7.314"/>
  <testcase classname="Tests.test1" name="login" time="7.331"/>
  <testcase classname="Tests.test1" name="login" time="6.233"/>
</testsuite> <!-- Tests.test1 -->
