<?xml version="1.0" encoding="UTF-8"?>
<!-- Generated by org.testng.reporters.JUnitReportReporter -->
<testsuite hostname="GOUD" failures="0" tests="3" name="test" time="16.450" errors="0" timestamp="2023-12-22T21:50:38 IST" skipped="0">
  <testcase classname="test" name="login" time="4.996"/>
  <testcase classname="test" name="login" time="5.040"/>
  <testcase classname="test" name="login" time="6.414"/>
</testsuite> <!-- test -->
